<?xml version="1.0" encoding="UTF-8"?>
<!-- Generated by org.testng.reporters.JUnitReportReporter -->
<testsuite hostname="2013-20120816RD" failures="0" tests="1" name="testCases.CreateUserPageTest" time="54.749" errors="0" timestamp="24 6æœˆ 2019 14:03:58 GMT" skipped="0">
  <testcase classname="testCases.CreateUserPageTest" name="createUserByKeyTest" time="54.749"/>
</testsuite> <!-- testCases.CreateUserPageTest -->
