<?xml version="1.0" encoding="UTF-8"?>
<!-- Generated by org.testng.reporters.JUnitReportReporter -->
<testsuite hostname="2013-20120816RD" failures="0" tests="1" name="testCases.CreateUserPageTest" time="0.000" errors="0" timestamp="24 6æœˆ 2019 14:24:29 GMT" skipped="1">
  <testcase classname="testCases.CreateUserPageTest" name="createUserByKeyTest" time="0.000">
    <skipped/>
  </testcase> <!-- createUserByKeyTest -->
</testsuite> <!-- testCases.CreateUserPageTest -->
