<?xml version="1.0" encoding="UTF-8"?>
<!-- Generated by org.testng.reporters.JUnitReportReporter -->
<testsuite hostname="2013-20120816RD" failures="0" tests="1" name="testCases.MyTest" time="0.008" errors="0" timestamp="23 5æœˆ 2019 15:52:09 GMT" skipped="0">
  <testcase classname="testCases.MyTest" name="f" time="0.008"/>
</testsuite> <!-- testCases.MyTest -->
