<?xml version="1.0" encoding="UTF-8"?>
<!-- Generated by org.testng.reporters.JUnitReportReporter -->
<testsuite hostname="2013-20120816RD" failures="0" tests="2" name="testCases.LoginPageTestSuites" time="12.194" errors="0" timestamp="13 6æœˆ 2019 15:23:14 GMT" skipped="0">
  <testcase classname="testCases.LoginPageTestSuites" name="f" time="6.106"/>
  <testcase classname="testCases.LoginPageTestSuites" name="f1" time="6.088"/>
</testsuite> <!-- testCases.LoginPageTestSuites -->
