<?xml version="1.0" encoding="UTF-8"?>
<!-- Generated by org.testng.reporters.JUnitReportReporter -->
<testsuite hostname="2013-20120816RD" failures="0" tests="2" name="testCases.LoginPageTest" time="82.912" errors="0" timestamp="24 6æœˆ 2019 14:24:29 GMT" skipped="0">
  <testcase classname="testCases.LoginPageTest" name="f" time="41.398"/>
  <testcase classname="testCases.LoginPageTest" name="f" time="41.514"/>
</testsuite> <!-- testCases.LoginPageTest -->
